<?xml version="1.0" encoding="UTF-8" standalone="no"?>
<!DOCTYPE log SYSTEM "logger.dtd">
<log>
<record>
  <date>2018-05-28T18:39:05.627-0300</date>
  <logger>THIAGO SANTOS DE MOURA</logger>
  <level>FINE</level>
  <message>File 116210967-THIAGO SANTOS DE MOURA.zip was received. It was sent by THIAGO SANTOS DE MOURA from IP 192.168.25.75</message>
</record>
</log>
<?xml version="1.0" encoding="UTF-8" standalone="no"?>
<!DOCTYPE log SYSTEM "logger.dtd">
<log>
<record>
  <date>2018-05-30T10:43:42.600-0300</date>
  <logger>THIAGO SANTOS DE MOURA</logger>
  <level>FINE</level>
  <message>File 116210967-THIAGO SANTOS DE MOURA.zip was received. It was sent by THIAGO SANTOS DE MOURA from IP 192.168.25.75</message>
</record>
</log>
<?xml version="1.0" encoding="UTF-8" standalone="no"?>
<!DOCTYPE log SYSTEM "logger.dtd">
<log>
<record>
  <date>2018-05-30T13:06:09.650-0300</date>
  <logger>THIAGO SANTOS DE MOURA</logger>
  <level>FINE</level>
  <message>File 116210967-THIAGO SANTOS DE MOURA.zip was received. It was sent by THIAGO SANTOS DE MOURA from IP 192.168.25.75</message>
</record>
</log>
<?xml version="1.0" encoding="UTF-8" standalone="no"?>
<!DOCTYPE log SYSTEM "logger.dtd">
<log>
<record>
  <date>2018-05-30T14:07:31.059-0300</date>
  <logger>THIAGO SANTOS DE MOURA</logger>
  <level>FINE</level>
  <message>File 116210967-THIAGO SANTOS DE MOURA.zip was received. It was sent by THIAGO SANTOS DE MOURA from IP 192.168.25.75</message>
</record>
