<?xml version="1.0" encoding="UTF-8" standalone="no"?>
<!DOCTYPE log SYSTEM "logger.dtd">
<log>
<record>
  <date>2018-07-12T14:20:41.408-0300</date>
  <logger>THIAGO SANTOS DE MOURA</logger>
  <level>FINE</level>
  <message>File 116210967-THIAGO SANTOS DE MOURA.zip was received. It was sent by THIAGO SANTOS DE MOURA from IP 192.168.25.75</message>
</record>
</log>
<?xml version="1.0" encoding="UTF-8" standalone="no"?>
<!DOCTYPE log SYSTEM "logger.dtd">
<log>
<record>
  <date>2018-07-14T11:35:51.806-0300</date>
  <logger>THIAGO SANTOS DE MOURA</logger>
  <level>FINE</level>
  <message>File 116210967-THIAGO SANTOS DE MOURA.zip was received. It was sent by THIAGO SANTOS DE MOURA from IP 192.168.25.75</message>
</record>
</log>
<?xml version="1.0" encoding="UTF-8" standalone="no"?>
<!DOCTYPE log SYSTEM "logger.dtd">
<log>
<record>
  <date>2018-07-14T12:30:34.390-0300</date>
  <logger>THIAGO SANTOS DE MOURA</logger>
  <level>FINE</level>
  <message>File 116210967-THIAGO SANTOS DE MOURA.zip was received. It was sent by THIAGO SANTOS DE MOURA from IP 192.168.25.75</message>
</record>
</log>
<?xml version="1.0" encoding="UTF-8" standalone="no"?>
<!DOCTYPE log SYSTEM "logger.dtd">
<log>
<record>
  <date>2018-07-14T13:26:31.295-0300</date>
  <logger>THIAGO SANTOS DE MOURA</logger>
  <level>FINE</level>
  <message>File 116210967-THIAGO SANTOS DE MOURA.zip was received. It was sent by THIAGO SANTOS DE MOURA from IP 192.168.25.75</message>
</record>
</log>
<?xml version="1.0" encoding="UTF-8" standalone="no"?>
<!DOCTYPE log SYSTEM "logger.dtd">
<log>
<record>
  <date>2018-07-14T13:28:14.132-0300</date>
  <logger>THIAGO SANTOS DE MOURA</logger>
  <level>FINE</level>
  <message>File 116210967-THIAGO SANTOS DE MOURA.zip was received. It was sent by THIAGO SANTOS DE MOURA from IP 192.168.25.75</message>
</record>
