<?xml version="1.0" encoding="UTF-8" standalone="no"?>
<!DOCTYPE log SYSTEM "logger.dtd">
<log>
<record>
  <date>2018-06-28T15:00:32.942-0300</date>
  <logger>THIAGO SANTOS DE MOURA</logger>
  <level>FINE</level>
  <message>File 116210967-THIAGO SANTOS DE MOURA.zip was received. It was sent by THIAGO SANTOS DE MOURA from IP 192.168.25.75</message>
</record>
</log>
<?xml version="1.0" encoding="UTF-8" standalone="no"?>
<!DOCTYPE log SYSTEM "logger.dtd">
<log>
<record>
  <date>2018-06-29T20:28:24.706-0300</date>
  <logger>THIAGO SANTOS DE MOURA</logger>
  <level>FINE</level>
  <message>File 116210967-THIAGO SANTOS DE MOURA.zip was received. It was sent by THIAGO SANTOS DE MOURA from IP 192.168.43.36</message>
</record>
</log>
<?xml version="1.0" encoding="UTF-8" standalone="no"?>
<!DOCTYPE log SYSTEM "logger.dtd">
<log>
<record>
  <date>2018-06-30T00:22:09.097-0300</date>
  <logger>THIAGO SANTOS DE MOURA</logger>
  <level>FINE</level>
  <message>File 116210967-THIAGO SANTOS DE MOURA.zip was received. It was sent by THIAGO SANTOS DE MOURA from IP 192.168.25.75</message>
</record>
</log>
<?xml version="1.0" encoding="UTF-8" standalone="no"?>
<!DOCTYPE log SYSTEM "logger.dtd">
<log>
<record>
  <date>2018-06-30T00:23:55.123-0300</date>
  <logger>THIAGO SANTOS DE MOURA</logger>
  <level>FINE</level>
  <message>File 116210967-THIAGO SANTOS DE MOURA.zip was received. It was sent by THIAGO SANTOS DE MOURA from IP 192.168.25.75</message>
</record>
</log>
<?xml version="1.0" encoding="UTF-8" standalone="no"?>
<!DOCTYPE log SYSTEM "logger.dtd">
<log>
<record>
  <date>2018-06-30T10:44:20.295-0300</date>
  <logger>THIAGO SANTOS DE MOURA</logger>
  <level>FINE</level>
  <message>File 116210967-THIAGO SANTOS DE MOURA.zip was received. It was sent by THIAGO SANTOS DE MOURA from IP 192.168.25.75</message>
</record>
</log>
<?xml version="1.0" encoding="UTF-8" standalone="no"?>
<!DOCTYPE log SYSTEM "logger.dtd">
<log>
<record>
  <date>2018-06-30T11:06:10.672-0300</date>
  <logger>THIAGO SANTOS DE MOURA</logger>
  <level>FINE</level>
  <message>File 116210967-THIAGO SANTOS DE MOURA.zip was received. It was sent by THIAGO SANTOS DE MOURA from IP 192.168.25.75</message>
</record>
</log>
<?xml version="1.0" encoding="UTF-8" standalone="no"?>
<!DOCTYPE log SYSTEM "logger.dtd">
<log>
<record>
  <date>2018-06-30T11:06:55.014-0300</date>
  <logger>THIAGO SANTOS DE MOURA</logger>
  <level>FINE</level>
  <message>File 116210967-THIAGO SANTOS DE MOURA.zip was received. It was sent by THIAGO SANTOS DE MOURA from IP 192.168.25.75</message>
</record>
</log>
<?xml version="1.0" encoding="UTF-8" standalone="no"?>
<!DOCTYPE log SYSTEM "logger.dtd">
<log>
<record>
  <date>2018-06-30T11:24:39.928-0300</date>
  <logger>THIAGO SANTOS DE MOURA</logger>
  <level>FINE</level>
  <message>File 116210967-THIAGO SANTOS DE MOURA.zip was received. It was sent by THIAGO SANTOS DE MOURA from IP 192.168.25.75</message>
</record>
</log>
<?xml version="1.0" encoding="UTF-8" standalone="no"?>
<!DOCTYPE log SYSTEM "logger.dtd">
<log>
<record>
  <date>2018-06-30T11:35:05.236-0300</date>
  <logger>THIAGO SANTOS DE MOURA</logger>
  <level>FINE</level>
  <message>File 116210967-THIAGO SANTOS DE MOURA.zip was received. It was sent by THIAGO SANTOS DE MOURA from IP 192.168.25.75</message>
</record>
</log>
<?xml version="1.0" encoding="UTF-8" standalone="no"?>
<!DOCTYPE log SYSTEM "logger.dtd">
<log>
<record>
  <date>2018-06-30T11:37:59.768-0300</date>
  <logger>THIAGO SANTOS DE MOURA</logger>
  <level>FINE</level>
  <message>File 116210967-THIAGO SANTOS DE MOURA.zip was received. It was sent by THIAGO SANTOS DE MOURA from IP 192.168.25.75</message>
</record>
