<?xml version="1.0" encoding="UTF-8" standalone="no"?>
<!DOCTYPE log SYSTEM "logger.dtd">
<log>
<record>
  <date>2018-06-14T14:07:49.281-0300</date>
  <logger>THIAGO SANTOS DE MOURA</logger>
  <level>FINE</level>
  <message>File 116210967-THIAGO SANTOS DE MOURA.zip was received. It was sent by THIAGO SANTOS DE MOURA from IP 150.165.42.193</message>
</record>
</log>
<?xml version="1.0" encoding="UTF-8" standalone="no"?>
<!DOCTYPE log SYSTEM "logger.dtd">
<log>
<record>
  <date>2018-06-14T14:29:00.182-0300</date>
  <logger>THIAGO SANTOS DE MOURA</logger>
  <level>FINE</level>
  <message>File 116210967-THIAGO SANTOS DE MOURA.zip was received. It was sent by THIAGO SANTOS DE MOURA from IP 150.165.42.193</message>
</record>
</log>
<?xml version="1.0" encoding="UTF-8" standalone="no"?>
<!DOCTYPE log SYSTEM "logger.dtd">
<log>
<record>
  <date>2018-06-14T14:45:08.731-0300</date>
  <logger>THIAGO SANTOS DE MOURA</logger>
  <level>FINE</level>
  <message>File 116210967-THIAGO SANTOS DE MOURA.zip was received. It was sent by THIAGO SANTOS DE MOURA from IP 150.165.42.193</message>
</record>
</log>
<?xml version="1.0" encoding="UTF-8" standalone="no"?>
<!DOCTYPE log SYSTEM "logger.dtd">
<log>
<record>
  <date>2018-06-14T15:21:10.420-0300</date>
  <logger>THIAGO SANTOS DE MOURA</logger>
  <level>FINE</level>
  <message>File 116210967-THIAGO SANTOS DE MOURA.zip was received. It was sent by THIAGO SANTOS DE MOURA from IP 150.165.42.193</message>
</record>
</log>
<?xml version="1.0" encoding="UTF-8" standalone="no"?>
<!DOCTYPE log SYSTEM "logger.dtd">
<log>
<record>
  <date>2018-06-14T15:56:03.330-0300</date>
  <logger>THIAGO SANTOS DE MOURA</logger>
  <level>FINE</level>
  <message>File 116210967-THIAGO SANTOS DE MOURA.zip was received. It was sent by THIAGO SANTOS DE MOURA from IP 150.165.42.193</message>
</record>
</log>
<?xml version="1.0" encoding="UTF-8" standalone="no"?>
<!DOCTYPE log SYSTEM "logger.dtd">
<log>
<record>
  <date>2018-06-14T15:58:33.018-0300</date>
  <logger>THIAGO SANTOS DE MOURA</logger>
  <level>FINE</level>
  <message>File 116210967-THIAGO SANTOS DE MOURA.zip was received. It was sent by THIAGO SANTOS DE MOURA from IP 150.165.42.193</message>
</record>
